{
"/Users/zguillez/Documents/SVN/YEOMAN/generator-base-backbone/generators/app/index.js":{"path":"/Users/zguillez/Documents/SVN/YEOMAN/generator-base-backbone/generators/app/index.js","s":{"1":0,"2":0,"3":0,"4":0,"5":0,"6":0,"7":0,"8":0,"9":0,"10":0,"11":0,"12":0,"13":0,"14":0,"15":0},"b":{},"f":{"1":0,"2":0,"3":0},"fnMap":{"1":{"name":"(anonymous_1)","line":6,"loc":{"start":{"line":6,"column":15},"end":{"line":6,"column":27}}},"2":{"name":"(anonymous_2)","line":10,"loc":{"start":{"line":10,"column":10},"end":{"line":10,"column":22}}},"3":{"name":"(anonymous_3)","line":20,"loc":{"start":{"line":20,"column":10},"end":{"line":20,"column":22}}}},"statementMap":{"1":{"start":{"line":2,"column":0},"end":{"line":2,"column":41}},"2":{"start":{"line":3,"column":0},"end":{"line":3,"column":29}},"3":{"start":{"line":4,"column":0},"end":{"line":4,"column":29}},"4":{"start":{"line":5,"column":0},"end":{"line":23,"column":3}},"5":{"start":{"line":7,"column":2},"end":{"line":7,"column":43}},"6":{"start":{"line":8,"column":2},"end":{"line":8,"column":112}},"7":{"start":{"line":11,"column":2},"end":{"line":11,"column":89}},"8":{"start":{"line":12,"column":2},"end":{"line":12,"column":81}},"9":{"start":{"line":13,"column":2},"end":{"line":13,"column":79}},"10":{"start":{"line":14,"column":2},"end":{"line":14,"column":88}},"11":{"start":{"line":15,"column":2},"end":{"line":15,"column":84}},"12":{"start":{"line":16,"column":2},"end":{"line":16,"column":88}},"13":{"start":{"line":17,"column":2},"end":{"line":17,"column":74}},"14":{"start":{"line":18,"column":2},"end":{"line":18,"column":70}},"15":{"start":{"line":21,"column":2},"end":{"line":21,"column":29}}},"branchMap":{},"l":{"2":0,"3":0,"4":0,"5":0,"7":0,"8":0,"11":0,"12":0,"13":0,"14":0,"15":0,"16":0,"17":0,"18":0,"21":0}},
"/Users/zguillez/Documents/SVN/YEOMAN/generator-base-backbone/generators/app/templates/Gruntfile.js":{"path":"/Users/zguillez/Documents/SVN/YEOMAN/generator-base-backbone/generators/app/templates/Gruntfile.js","s":{"1":0,"2":0,"3":0,"4":0,"5":0,"6":0,"7":0,"8":0,"9":0,"10":0,"11":0,"12":0,"13":0,"14":0,"15":0,"16":0,"17":0,"18":0,"19":0,"20":0,"21":0,"22":0},"b":{},"f":{"1":0,"2":0,"3":0,"4":0},"fnMap":{"1":{"name":"(anonymous_1)","line":2,"loc":{"start":{"line":2,"column":17},"end":{"line":2,"column":33}}},"2":{"name":"(anonymous_2)","line":18,"loc":{"start":{"line":18,"column":29},"end":{"line":18,"column":40}}},"3":{"name":"(anonymous_3)","line":21,"loc":{"start":{"line":21,"column":29},"end":{"line":21,"column":40}}},"4":{"name":"(anonymous_4)","line":24,"loc":{"start":{"line":24,"column":31},"end":{"line":24,"column":42}}}},"statementMap":{"1":{"start":{"line":2,"column":0},"end":{"line":27,"column":2}},"2":{"start":{"line":3,"column":1},"end":{"line":3,"column":22}},"3":{"start":{"line":4,"column":1},"end":{"line":4,"column":36}},"4":{"start":{"line":5,"column":1},"end":{"line":5,"column":34}},"5":{"start":{"line":6,"column":1},"end":{"line":6,"column":33}},"6":{"start":{"line":7,"column":1},"end":{"line":7,"column":32}},"7":{"start":{"line":8,"column":1},"end":{"line":8,"column":32}},"8":{"start":{"line":9,"column":1},"end":{"line":9,"column":33}},"9":{"start":{"line":10,"column":1},"end":{"line":10,"column":32}},"10":{"start":{"line":11,"column":1},"end":{"line":11,"column":34}},"11":{"start":{"line":12,"column":1},"end":{"line":12,"column":35}},"12":{"start":{"line":13,"column":1},"end":{"line":13,"column":32}},"13":{"start":{"line":14,"column":1},"end":{"line":14,"column":33}},"14":{"start":{"line":15,"column":1},"end":{"line":15,"column":34}},"15":{"start":{"line":16,"column":1},"end":{"line":16,"column":38}},"16":{"start":{"line":17,"column":1},"end":{"line":17,"column":42}},"17":{"start":{"line":18,"column":1},"end":{"line":20,"column":4}},"18":{"start":{"line":19,"column":2},"end":{"line":19,"column":119}},"19":{"start":{"line":21,"column":1},"end":{"line":23,"column":4}},"20":{"start":{"line":22,"column":2},"end":{"line":22,"column":91}},"21":{"start":{"line":24,"column":1},"end":{"line":26,"column":4}},"22":{"start":{"line":25,"column":2},"end":{"line":25,"column":81}}},"branchMap":{},"l":{"2":0,"3":0,"4":0,"5":0,"6":0,"7":0,"8":0,"9":0,"10":0,"11":0,"12":0,"13":0,"14":0,"15":0,"16":0,"17":0,"18":0,"19":0,"21":0,"22":0,"24":0,"25":0}},
"/Users/zguillez/Documents/SVN/YEOMAN/generator-base-backbone/generators/app/templates/grunt/clean-dist.js":{"path":"/Users/zguillez/Documents/SVN/YEOMAN/generator-base-backbone/generators/app/templates/grunt/clean-dist.js","s":{"1":0,"2":0,"3":0,"4":0,"5":1,"6":0,"7":0,"8":1,"9":0,"10":0,"11":0,"12":0,"13":0,"14":0,"15":0,"16":0,"17":0,"18":0,"19":0,"20":0,"21":0,"22":0,"23":0,"24":0,"25":0,"26":0,"27":0},"b":{"1":[0,0]},"f":{"1":0,"2":0,"3":0,"4":0,"5":0},"fnMap":{"1":{"name":"(anonymous_1)","line":2,"loc":{"start":{"line":2,"column":17},"end":{"line":2,"column":33}}},"2":{"name":"(anonymous_2)","line":3,"loc":{"start":{"line":3,"column":55},"end":{"line":3,"column":66}}},"3":{"name":"getDirectories","line":7,"loc":{"start":{"line":7,"column":2},"end":{"line":7,"column":31}}},"4":{"name":"(anonymous_4)","line":8,"loc":{"start":{"line":8,"column":37},"end":{"line":8,"column":52}}},"5":{"name":"getSubdirectories","line":13,"loc":{"start":{"line":13,"column":2},"end":{"line":13,"column":40}}}},"statementMap":{"1":{"start":{"line":2,"column":0},"end":{"line":41,"column":2}},"2":{"start":{"line":3,"column":1},"end":{"line":40,"column":4}},"3":{"start":{"line":4,"column":2},"end":{"line":4,"column":25}},"4":{"start":{"line":5,"column":2},"end":{"line":5,"column":29}},"5":{"start":{"line":7,"column":2},"end":{"line":11,"column":3}},"6":{"start":{"line":8,"column":3},"end":{"line":10,"column":6}},"7":{"start":{"line":9,"column":4},"end":{"line":9,"column":59}},"8":{"start":{"line":13,"column":2},"end":{"line":31,"column":3}},"9":{"start":{"line":14,"column":3},"end":{"line":14,"column":17}},"10":{"start":{"line":15,"column":3},"end":{"line":15,"column":20}},"11":{"start":{"line":16,"column":3},"end":{"line":16,"column":18}},"12":{"start":{"line":17,"column":3},"end":{"line":29,"column":4}},"13":{"start":{"line":18,"column":4},"end":{"line":18,"column":35}},"14":{"start":{"line":19,"column":4},"end":{"line":19,"column":50}},"15":{"start":{"line":20,"column":4},"end":{"line":22,"column":5}},"16":{"start":{"line":21,"column":5},"end":{"line":21,"column":56}},"17":{"start":{"line":23,"column":4},"end":{"line":23,"column":63}},"18":{"start":{"line":24,"column":4},"end":{"line":28,"column":5}},"19":{"start":{"line":25,"column":5},"end":{"line":27,"column":6}},"20":{"start":{"line":26,"column":6},"end":{"line":26,"column":27}},"21":{"start":{"line":30,"column":3},"end":{"line":30,"column":15}},"22":{"start":{"line":32,"column":2},"end":{"line":32,"column":74}},"23":{"start":{"line":33,"column":2},"end":{"line":33,"column":23}},"24":{"start":{"line":34,"column":2},"end":{"line":34,"column":67}},"25":{"start":{"line":35,"column":2},"end":{"line":35,"column":49}},"26":{"start":{"line":37,"column":2},"end":{"line":37,"column":67}},"27":{"start":{"line":39,"column":2},"end":{"line":39,"column":65}}},"branchMap":{"1":{"line":25,"type":"if","locations":[{"start":{"line":25,"column":5},"end":{"line":25,"column":5}},{"start":{"line":25,"column":5},"end":{"line":25,"column":5}}]}},"l":{"2":0,"3":0,"4":0,"5":0,"7":1,"8":0,"9":0,"13":1,"14":0,"15":0,"16":0,"17":0,"18":0,"19":0,"20":0,"21":0,"23":0,"24":0,"25":0,"26":0,"30":0,"32":0,"33":0,"34":0,"35":0,"37":0,"39":0}},
"/Users/zguillez/Documents/SVN/YEOMAN/generator-base-backbone/generators/app/templates/grunt/clean.js":{"path":"/Users/zguillez/Documents/SVN/YEOMAN/generator-base-backbone/generators/app/templates/grunt/clean.js","s":{"1":0,"2":0},"b":{},"f":{"1":0},"fnMap":{"1":{"name":"(anonymous_1)","line":2,"loc":{"start":{"line":2,"column":17},"end":{"line":2,"column":33}}}},"statementMap":{"1":{"start":{"line":2,"column":0},"end":{"line":14,"column":2}},"2":{"start":{"line":3,"column":1},"end":{"line":13,"column":4}}},"branchMap":{},"l":{"2":0,"3":0}},
"/Users/zguillez/Documents/SVN/YEOMAN/generator-base-backbone/generators/app/templates/grunt/concat.js":{"path":"/Users/zguillez/Documents/SVN/YEOMAN/generator-base-backbone/generators/app/templates/grunt/concat.js","s":{"1":0,"2":0},"b":{},"f":{"1":0},"fnMap":{"1":{"name":"(anonymous_1)","line":2,"loc":{"start":{"line":2,"column":17},"end":{"line":2,"column":34}}}},"statementMap":{"1":{"start":{"line":2,"column":0},"end":{"line":4,"column":2}},"2":{"start":{"line":3,"column":1},"end":{"line":3,"column":32}}},"branchMap":{},"l":{"2":0,"3":0}},
"/Users/zguillez/Documents/SVN/YEOMAN/generator-base-backbone/generators/app/templates/grunt/connect.js":{"path":"/Users/zguillez/Documents/SVN/YEOMAN/generator-base-backbone/generators/app/templates/grunt/connect.js","s":{"1":0,"2":0},"b":{},"f":{"1":0},"fnMap":{"1":{"name":"(anonymous_1)","line":2,"loc":{"start":{"line":2,"column":17},"end":{"line":2,"column":33}}}},"statementMap":{"1":{"start":{"line":2,"column":0},"end":{"line":15,"column":2}},"2":{"start":{"line":3,"column":1},"end":{"line":14,"column":4}}},"branchMap":{},"l":{"2":0,"3":0}},
"/Users/zguillez/Documents/SVN/YEOMAN/generator-base-backbone/generators/app/templates/grunt/copy.js":{"path":"/Users/zguillez/Documents/SVN/YEOMAN/generator-base-backbone/generators/app/templates/grunt/copy.js","s":{"1":0,"2":0,"3":0,"4":0,"5":0,"6":0,"7":0,"8":0,"9":0,"10":0,"11":0,"12":0,"13":0,"14":0,"15":0,"16":0,"17":0,"18":0,"19":0,"20":0,"21":0,"22":0,"23":0,"24":0,"25":0},"b":{"1":[0,0],"2":[0,0],"3":[0,0]},"f":{"1":0},"fnMap":{"1":{"name":"(anonymous_1)","line":2,"loc":{"start":{"line":2,"column":17},"end":{"line":2,"column":33}}}},"statementMap":{"1":{"start":{"line":2,"column":0},"end":{"line":89,"column":2}},"2":{"start":{"line":3,"column":1},"end":{"line":58,"column":4}},"3":{"start":{"line":59,"column":1},"end":{"line":59,"column":33}},"4":{"start":{"line":60,"column":1},"end":{"line":60,"column":42}},"5":{"start":{"line":61,"column":1},"end":{"line":88,"column":2}},"6":{"start":{"line":62,"column":2},"end":{"line":87,"column":3}},"7":{"start":{"line":63,"column":3},"end":{"line":63,"column":74}},"8":{"start":{"line":64,"column":3},"end":{"line":86,"column":4}},"9":{"start":{"line":65,"column":4},"end":{"line":85,"column":5}},"10":{"start":{"line":66,"column":5},"end":{"line":84,"column":6}},"11":{"start":{"line":67,"column":6},"end":{"line":67,"column":21}},"12":{"start":{"line":68,"column":6},"end":{"line":76,"column":7}},"13":{"start":{"line":69,"column":7},"end":{"line":69,"column":31}},"14":{"start":{"line":70,"column":7},"end":{"line":70,"column":37}},"15":{"start":{"line":71,"column":7},"end":{"line":71,"column":26}},"16":{"start":{"line":72,"column":7},"end":{"line":72,"column":75}},"17":{"start":{"line":73,"column":7},"end":{"line":73,"column":55}},"18":{"start":{"line":74,"column":7},"end":{"line":74,"column":62}},"19":{"start":{"line":75,"column":7},"end":{"line":75,"column":57}},"20":{"start":{"line":78,"column":6},"end":{"line":78,"column":24}},"21":{"start":{"line":79,"column":6},"end":{"line":79,"column":36}},"22":{"start":{"line":80,"column":6},"end":{"line":80,"column":74}},"23":{"start":{"line":81,"column":6},"end":{"line":81,"column":53}},"24":{"start":{"line":82,"column":6},"end":{"line":82,"column":61}},"25":{"start":{"line":83,"column":6},"end":{"line":83,"column":56}}},"branchMap":{"1":{"line":62,"type":"if","locations":[{"start":{"line":62,"column":2},"end":{"line":62,"column":2}},{"start":{"line":62,"column":2},"end":{"line":62,"column":2}}]},"2":{"line":65,"type":"if","locations":[{"start":{"line":65,"column":4},"end":{"line":65,"column":4}},{"start":{"line":65,"column":4},"end":{"line":65,"column":4}}]},"3":{"line":66,"type":"if","locations":[{"start":{"line":66,"column":5},"end":{"line":66,"column":5}},{"start":{"line":66,"column":5},"end":{"line":66,"column":5}}]}},"l":{"2":0,"3":0,"59":0,"60":0,"61":0,"62":0,"63":0,"64":0,"65":0,"66":0,"67":0,"68":0,"69":0,"70":0,"71":0,"72":0,"73":0,"74":0,"75":0,"78":0,"79":0,"80":0,"81":0,"82":0,"83":0}},
"/Users/zguillez/Documents/SVN/YEOMAN/generator-base-backbone/generators/app/templates/grunt/jade.js":{"path":"/Users/zguillez/Documents/SVN/YEOMAN/generator-base-backbone/generators/app/templates/grunt/jade.js","s":{"1":0,"2":0},"b":{},"f":{"1":0},"fnMap":{"1":{"name":"(anonymous_1)","line":2,"loc":{"start":{"line":2,"column":17},"end":{"line":2,"column":33}}}},"statementMap":{"1":{"start":{"line":2,"column":0},"end":{"line":18,"column":2}},"2":{"start":{"line":3,"column":1},"end":{"line":17,"column":4}}},"branchMap":{},"l":{"2":0,"3":0}},
"/Users/zguillez/Documents/SVN/YEOMAN/generator-base-backbone/generators/app/templates/grunt/jshint.js":{"path":"/Users/zguillez/Documents/SVN/YEOMAN/generator-base-backbone/generators/app/templates/grunt/jshint.js","s":{"1":0,"2":0},"b":{},"f":{"1":0},"fnMap":{"1":{"name":"(anonymous_1)","line":2,"loc":{"start":{"line":2,"column":17},"end":{"line":2,"column":33}}}},"statementMap":{"1":{"start":{"line":2,"column":0},"end":{"line":10,"column":2}},"2":{"start":{"line":3,"column":1},"end":{"line":9,"column":4}}},"branchMap":{},"l":{"2":0,"3":0}},
"/Users/zguillez/Documents/SVN/YEOMAN/generator-base-backbone/generators/app/templates/grunt/merge.js":{"path":"/Users/zguillez/Documents/SVN/YEOMAN/generator-base-backbone/generators/app/templates/grunt/merge.js","s":{"1":0,"2":0},"b":{},"f":{"1":0},"fnMap":{"1":{"name":"(anonymous_1)","line":2,"loc":{"start":{"line":2,"column":17},"end":{"line":2,"column":33}}}},"statementMap":{"1":{"start":{"line":2,"column":0},"end":{"line":12,"column":2}},"2":{"start":{"line":3,"column":1},"end":{"line":11,"column":4}}},"branchMap":{},"l":{"2":0,"3":0}},
"/Users/zguillez/Documents/SVN/YEOMAN/generator-base-backbone/generators/app/templates/grunt/open.js":{"path":"/Users/zguillez/Documents/SVN/YEOMAN/generator-base-backbone/generators/app/templates/grunt/open.js","s":{"1":0,"2":0},"b":{},"f":{"1":0},"fnMap":{"1":{"name":"(anonymous_1)","line":2,"loc":{"start":{"line":2,"column":17},"end":{"line":2,"column":33}}}},"statementMap":{"1":{"start":{"line":2,"column":0},"end":{"line":8,"column":2}},"2":{"start":{"line":3,"column":1},"end":{"line":7,"column":4}}},"branchMap":{},"l":{"2":0,"3":0}},
"/Users/zguillez/Documents/SVN/YEOMAN/generator-base-backbone/generators/app/templates/grunt/reload.js":{"path":"/Users/zguillez/Documents/SVN/YEOMAN/generator-base-backbone/generators/app/templates/grunt/reload.js","s":{"1":0,"2":0},"b":{},"f":{"1":0},"fnMap":{"1":{"name":"(anonymous_1)","line":2,"loc":{"start":{"line":2,"column":17},"end":{"line":2,"column":33}}}},"statementMap":{"1":{"start":{"line":2,"column":0},"end":{"line":11,"column":2}},"2":{"start":{"line":3,"column":1},"end":{"line":10,"column":4}}},"branchMap":{},"l":{"2":0,"3":0}},
"/Users/zguillez/Documents/SVN/YEOMAN/generator-base-backbone/generators/app/templates/grunt/sass.js":{"path":"/Users/zguillez/Documents/SVN/YEOMAN/generator-base-backbone/generators/app/templates/grunt/sass.js","s":{"1":0,"2":0},"b":{},"f":{"1":0},"fnMap":{"1":{"name":"(anonymous_1)","line":2,"loc":{"start":{"line":2,"column":17},"end":{"line":2,"column":33}}}},"statementMap":{"1":{"start":{"line":2,"column":0},"end":{"line":17,"column":2}},"2":{"start":{"line":3,"column":1},"end":{"line":16,"column":4}}},"branchMap":{},"l":{"2":0,"3":0}},
"/Users/zguillez/Documents/SVN/YEOMAN/generator-base-backbone/generators/app/templates/grunt/uglify.js":{"path":"/Users/zguillez/Documents/SVN/YEOMAN/generator-base-backbone/generators/app/templates/grunt/uglify.js","s":{"1":0,"2":0},"b":{},"f":{"1":0},"fnMap":{"1":{"name":"(anonymous_1)","line":2,"loc":{"start":{"line":2,"column":17},"end":{"line":2,"column":33}}}},"statementMap":{"1":{"start":{"line":2,"column":0},"end":{"line":17,"column":2}},"2":{"start":{"line":3,"column":1},"end":{"line":16,"column":4}}},"branchMap":{},"l":{"2":0,"3":0}},
"/Users/zguillez/Documents/SVN/YEOMAN/generator-base-backbone/generators/app/templates/grunt/watch.js":{"path":"/Users/zguillez/Documents/SVN/YEOMAN/generator-base-backbone/generators/app/templates/grunt/watch.js","s":{"1":0,"2":0},"b":{},"f":{"1":0},"fnMap":{"1":{"name":"(anonymous_1)","line":2,"loc":{"start":{"line":2,"column":17},"end":{"line":2,"column":33}}}},"statementMap":{"1":{"start":{"line":2,"column":0},"end":{"line":30,"column":2}},"2":{"start":{"line":3,"column":1},"end":{"line":29,"column":4}}},"branchMap":{},"l":{"2":0,"3":0}},
"/Users/zguillez/Documents/SVN/YEOMAN/generator-base-backbone/generators/app/templates/src/scripts/main.js":{"path":"/Users/zguillez/Documents/SVN/YEOMAN/generator-base-backbone/generators/app/templates/src/scripts/main.js","s":{"1":0,"2":0,"3":0,"4":0,"5":0},"b":{},"f":{"1":0,"2":0,"3":0},"fnMap":{"1":{"name":"(anonymous_1)","line":12,"loc":{"start":{"line":12,"column":46},"end":{"line":12,"column":57}}},"2":{"name":"(anonymous_2)","line":13,"loc":{"start":{"line":13,"column":24},"end":{"line":13,"column":35}}},"3":{"name":"(anonymous_3)","line":14,"loc":{"start":{"line":14,"column":22},"end":{"line":14,"column":39}}}},"statementMap":{"1":{"start":{"line":2,"column":0},"end":{"line":11,"column":3}},"2":{"start":{"line":12,"column":0},"end":{"line":18,"column":3}},"3":{"start":{"line":13,"column":1},"end":{"line":17,"column":4}},"4":{"start":{"line":14,"column":2},"end":{"line":16,"column":5}},"5":{"start":{"line":15,"column":3},"end":{"line":15,"column":23}}},"branchMap":{},"l":{"2":0,"12":0,"13":0,"14":0,"15":0}},
"/Users/zguillez/Documents/SVN/YEOMAN/generator-base-backbone/generators/app/templates/src/scripts/router.js":{"path":"/Users/zguillez/Documents/SVN/YEOMAN/generator-base-backbone/generators/app/templates/src/scripts/router.js","s":{"1":0,"2":0,"3":0,"4":0,"5":0,"6":0,"7":0,"8":0,"9":0,"10":0,"11":0,"12":0,"13":0,"14":0,"15":0,"16":0},"b":{"1":[0,0]},"f":{"1":0,"2":0,"3":0,"4":0,"5":0},"fnMap":{"1":{"name":"(anonymous_1)","line":2,"loc":{"start":{"line":2,"column":60},"end":{"line":2,"column":96}}},"2":{"name":"(anonymous_2)","line":8,"loc":{"start":{"line":8,"column":15},"end":{"line":8,"column":26}}},"3":{"name":"(anonymous_3)","line":12,"loc":{"start":{"line":12,"column":17},"end":{"line":12,"column":34}}},"4":{"name":"(anonymous_4)","line":16,"loc":{"start":{"line":16,"column":18},"end":{"line":16,"column":29}}},"5":{"name":"(anonymous_5)","line":20,"loc":{"start":{"line":20,"column":50},"end":{"line":20,"column":66}}}},"statementMap":{"1":{"start":{"line":2,"column":0},"end":{"line":32,"column":3}},"2":{"start":{"line":3,"column":1},"end":{"line":15,"column":4}},"3":{"start":{"line":9,"column":3},"end":{"line":9,"column":35}},"4":{"start":{"line":10,"column":3},"end":{"line":10,"column":22}},"5":{"start":{"line":13,"column":3},"end":{"line":13,"column":36}},"6":{"start":{"line":16,"column":1},"end":{"line":28,"column":3}},"7":{"start":{"line":17,"column":2},"end":{"line":17,"column":28}},"8":{"start":{"line":18,"column":2},"end":{"line":18,"column":30}},"9":{"start":{"line":19,"column":2},"end":{"line":19,"column":27}},"10":{"start":{"line":20,"column":2},"end":{"line":27,"column":5}},"11":{"start":{"line":21,"column":3},"end":{"line":21,"column":35}},"12":{"start":{"line":22,"column":3},"end":{"line":22,"column":39}},"13":{"start":{"line":23,"column":3},"end":{"line":26,"column":4}},"14":{"start":{"line":24,"column":4},"end":{"line":24,"column":27}},"15":{"start":{"line":25,"column":4},"end":{"line":25,"column":32}},"16":{"start":{"line":29,"column":1},"end":{"line":31,"column":3}}},"branchMap":{"1":{"line":23,"type":"if","locations":[{"start":{"line":23,"column":3},"end":{"line":23,"column":3}},{"start":{"line":23,"column":3},"end":{"line":23,"column":3}}]}},"l":{"2":0,"3":0,"9":0,"10":0,"13":0,"16":0,"17":0,"18":0,"19":0,"20":0,"21":0,"22":0,"23":0,"24":0,"25":0,"29":0}},
"/Users/zguillez/Documents/SVN/YEOMAN/generator-base-backbone/generators/app/templates/src/scripts/collections/data.js":{"path":"/Users/zguillez/Documents/SVN/YEOMAN/generator-base-backbone/generators/app/templates/src/scripts/collections/data.js","s":{"1":0,"2":0,"3":0,"4":0},"b":{},"f":{"1":0,"2":0,"3":0},"fnMap":{"1":{"name":"(anonymous_1)","line":2,"loc":{"start":{"line":2,"column":21},"end":{"line":2,"column":40}}},"2":{"name":"(anonymous_2)","line":5,"loc":{"start":{"line":5,"column":14},"end":{"line":5,"column":25}}},"3":{"name":"(anonymous_3)","line":6,"loc":{"start":{"line":6,"column":9},"end":{"line":6,"column":28}}}},"statementMap":{"1":{"start":{"line":2,"column":0},"end":{"line":11,"column":3}},"2":{"start":{"line":3,"column":1},"end":{"line":9,"column":4}},"3":{"start":{"line":7,"column":3},"end":{"line":7,"column":19}},"4":{"start":{"line":10,"column":1},"end":{"line":10,"column":29}}},"branchMap":{},"l":{"2":0,"3":0,"7":0,"10":0}},
"/Users/zguillez/Documents/SVN/YEOMAN/generator-base-backbone/generators/app/templates/src/scripts/views/footer.js":{"path":"/Users/zguillez/Documents/SVN/YEOMAN/generator-base-backbone/generators/app/templates/src/scripts/views/footer.js","s":{"1":0,"2":0,"3":0,"4":0},"b":{},"f":{"1":0,"2":0},"fnMap":{"1":{"name":"(anonymous_1)","line":2,"loc":{"start":{"line":2,"column":81},"end":{"line":2,"column":122}}},"2":{"name":"(anonymous_2)","line":6,"loc":{"start":{"line":6,"column":10},"end":{"line":6,"column":21}}}},"statementMap":{"1":{"start":{"line":2,"column":0},"end":{"line":11,"column":3}},"2":{"start":{"line":3,"column":1},"end":{"line":9,"column":4}},"3":{"start":{"line":7,"column":3},"end":{"line":7,"column":36}},"4":{"start":{"line":10,"column":1},"end":{"line":10,"column":25}}},"branchMap":{},"l":{"2":0,"3":0,"7":0,"10":0}},
"/Users/zguillez/Documents/SVN/YEOMAN/generator-base-backbone/generators/app/templates/src/scripts/views/header.js":{"path":"/Users/zguillez/Documents/SVN/YEOMAN/generator-base-backbone/generators/app/templates/src/scripts/views/header.js","s":{"1":0,"2":0,"3":0,"4":0},"b":{},"f":{"1":0,"2":0},"fnMap":{"1":{"name":"(anonymous_1)","line":2,"loc":{"start":{"line":2,"column":81},"end":{"line":2,"column":122}}},"2":{"name":"(anonymous_2)","line":6,"loc":{"start":{"line":6,"column":10},"end":{"line":6,"column":21}}}},"statementMap":{"1":{"start":{"line":2,"column":0},"end":{"line":11,"column":3}},"2":{"start":{"line":3,"column":1},"end":{"line":9,"column":4}},"3":{"start":{"line":7,"column":3},"end":{"line":7,"column":36}},"4":{"start":{"line":10,"column":1},"end":{"line":10,"column":25}}},"branchMap":{},"l":{"2":0,"3":0,"7":0,"10":0}},
"/Users/zguillez/Documents/SVN/YEOMAN/generator-base-backbone/generators/app/templates/src/scripts/views/index.js":{"path":"/Users/zguillez/Documents/SVN/YEOMAN/generator-base-backbone/generators/app/templates/src/scripts/views/index.js","s":{"1":0,"2":0,"3":0,"4":0,"5":0,"6":0,"7":0,"8":0,"9":0,"10":0,"11":0,"12":0,"13":0,"14":0,"15":0,"16":0,"17":0,"18":0},"b":{},"f":{"1":0,"2":0,"3":0,"4":0,"5":0,"6":0,"7":0},"fnMap":{"1":{"name":"(anonymous_1)","line":3,"loc":{"start":{"line":3,"column":1},"end":{"line":3,"column":81}}},"2":{"name":"(anonymous_2)","line":12,"loc":{"start":{"line":12,"column":15},"end":{"line":12,"column":26}}},"3":{"name":"(anonymous_3)","line":17,"loc":{"start":{"line":17,"column":11},"end":{"line":17,"column":22}}},"4":{"name":"(anonymous_4)","line":21,"loc":{"start":{"line":21,"column":14},"end":{"line":21,"column":54}}},"5":{"name":"(anonymous_5)","line":22,"loc":{"start":{"line":22,"column":32},"end":{"line":22,"column":46}}},"6":{"name":"(anonymous_6)","line":31,"loc":{"start":{"line":31,"column":12},"end":{"line":31,"column":23}}},"7":{"name":"(anonymous_7)","line":36,"loc":{"start":{"line":36,"column":14},"end":{"line":36,"column":25}}}},"statementMap":{"1":{"start":{"line":2,"column":0},"end":{"line":41,"column":4}},"2":{"start":{"line":4,"column":2},"end":{"line":39,"column":5}},"3":{"start":{"line":13,"column":4},"end":{"line":13,"column":41}},"4":{"start":{"line":14,"column":4},"end":{"line":14,"column":33}},"5":{"start":{"line":15,"column":4},"end":{"line":15,"column":33}},"6":{"start":{"line":18,"column":4},"end":{"line":18,"column":21}},"7":{"start":{"line":19,"column":4},"end":{"line":19,"column":25}},"8":{"start":{"line":20,"column":4},"end":{"line":34,"column":7}},"9":{"start":{"line":22,"column":6},"end":{"line":24,"column":9}},"10":{"start":{"line":23,"column":7},"end":{"line":23,"column":42}},"11":{"start":{"line":25,"column":6},"end":{"line":25,"column":51}},"12":{"start":{"line":26,"column":6},"end":{"line":26,"column":42}},"13":{"start":{"line":27,"column":6},"end":{"line":27,"column":32}},"14":{"start":{"line":28,"column":6},"end":{"line":28,"column":42}},"15":{"start":{"line":29,"column":6},"end":{"line":29,"column":32}},"16":{"start":{"line":32,"column":6},"end":{"line":32,"column":40}},"17":{"start":{"line":37,"column":4},"end":{"line":37,"column":24}},"18":{"start":{"line":40,"column":2},"end":{"line":40,"column":19}}},"branchMap":{},"l":{"2":0,"4":0,"13":0,"14":0,"15":0,"18":0,"19":0,"20":0,"22":0,"23":0,"25":0,"26":0,"27":0,"28":0,"29":0,"32":0,"37":0,"40":0}}}
